<?xml version="1.0" encoding="UTF-8"?>
<testsuite name="com.mibs.upload2.mars.test.LibraryTest" tests="1" skipped="0" failures="0" errors="0" timestamp="2018-07-07T11:29:35" hostname="localhost" time="0.002">
  <properties/>
  <testcase name="testSomeLibraryMethod" classname="com.mibs.upload2.mars.test.LibraryTest" time="0.002"/>
  <system-out><![CDATA[]]></system-out>
  <system-err><![CDATA[]]></system-err>
</testsuite>
